<?xml version="1.0" encoding="UTF-8"?>
<testsuite name="RunTest" tests="1" skipped="0" failures="0" errors="0" timestamp="2023-07-18T09:48:39" hostname="AR" time="5.158">
  <properties/>
  <testcase name="login()" classname="RunTest" time="5.158"/>
  <system-out><![CDATA[]]></system-out>
  <system-err><![CDATA[]]></system-err>
</testsuite>
